<?xml version="1.0" encoding="UTF-8"?>
<!-- Generated by org.testng.reporters.JUnitReportReporter -->
<testsuite hostname="DESKTOP-SBQCLAR" failures="0" tests="2" name="com.fb.testcases.LoginPageTestcases" time="0.306" errors="0" timestamp="13 Mar 2020 09:27:48 GMT" skipped="0">
  <testcase classname="com.fb.testcases.LoginPageTestcases" name="VerifyTitleTest" time="0.039"/>
  <testcase classname="com.fb.testcases.LoginPageTestcases" name="verifyLogintest" time="0.267"/>
</testsuite> <!-- com.fb.testcases.LoginPageTestcases -->
